<?xml version="1.0" encoding="UTF-8"?>
<testng-results ignored="0" total="1" passed="0" failed="1" skipped="0">
  <reporter-output>
  </reporter-output>
  <suite started-at="2022-12-31T11:42:48 IST" name="Default suite" finished-at="2022-12-31T11:43:03 IST" duration-ms="15556">
    <groups>
    </groups>
    <test started-at="2022-12-31T11:42:48 IST" name="Default test" finished-at="2022-12-31T11:43:03 IST" duration-ms="15556">
      <class name="daar.testcases.com.Daar_TC_05_API_UnitSelection">
        <test-method signature="f()[pri:0, instance:daar.testcases.com.Daar_TC_05_API_UnitSelection@3c130745]" started-at="2022-12-31T11:42:48 IST" name="f" finished-at="2022-12-31T11:43:03 IST" duration-ms="15501" status="FAIL">
          <exception class="com.fasterxml.jackson.core.JsonParseException">
            <message>
              <![CDATA[Unrecognized token 'Failed': was expecting (JSON String, Number, Array, Object or token 'null', 'true' or 'false')
 at [Source: (String)"Failed to Get user info"; line: 1, column: 7]]]>
            </message>
            <full-stacktrace>
              <![CDATA[com.fasterxml.jackson.core.JsonParseException: Unrecognized token 'Failed': was expecting (JSON String, Number, Array, Object or token 'null', 'true' or 'false')
 at [Source: (String)"Failed to Get user info"; line: 1, column: 7]
at com.fasterxml.jackson.core.JsonParser._constructError(JsonParser.java:2391)
at com.fasterxml.jackson.core.base.ParserMinimalBase._reportError(ParserMinimalBase.java:745)
at com.fasterxml.jackson.core.json.ReaderBasedJsonParser._reportInvalidToken(ReaderBasedJsonParser.java:2962)
at com.fasterxml.jackson.core.json.ReaderBasedJsonParser._handleOddValue(ReaderBasedJsonParser.java:2002)
at com.fasterxml.jackson.core.json.ReaderBasedJsonParser.nextToken(ReaderBasedJsonParser.java:802)
at com.fasterxml.jackson.databind.ObjectMapper._initForReading(ObjectMapper.java:4762)
at com.fasterxml.jackson.databind.ObjectMapper._readMapAndClose(ObjectMapper.java:4668)
at com.fasterxml.jackson.databind.ObjectMapper.readValue(ObjectMapper.java:3630)
at com.fasterxml.jackson.databind.ObjectMapper.readValue(ObjectMapper.java:3598)
at qf.appmethods.com.api_Login.getPost(api_Login.java:63)
at daar.testcases.com.Daar_TC_05_API_UnitSelection.f(Daar_TC_05_API_UnitSelection.java:20)
at java.base/jdk.internal.reflect.NativeMethodAccessorImpl.invoke0(Native Method)
at java.base/jdk.internal.reflect.NativeMethodAccessorImpl.invoke(NativeMethodAccessorImpl.java:77)
at java.base/jdk.internal.reflect.DelegatingMethodAccessorImpl.invoke(DelegatingMethodAccessorImpl.java:43)
at java.base/java.lang.reflect.Method.invoke(Method.java:568)
at org.testng.internal.MethodInvocationHelper.invokeMethod(MethodInvocationHelper.java:133)
at org.testng.internal.TestInvoker.invokeMethod(TestInvoker.java:598)
at org.testng.internal.TestInvoker.invokeTestMethod(TestInvoker.java:173)
at org.testng.internal.MethodRunner.runInSequence(MethodRunner.java:46)
at org.testng.internal.TestInvoker$MethodInvocationAgent.invoke(TestInvoker.java:824)
at org.testng.internal.TestInvoker.invokeTestMethods(TestInvoker.java:146)
at org.testng.internal.TestMethodWorker.invokeTestMethods(TestMethodWorker.java:146)
at org.testng.internal.TestMethodWorker.run(TestMethodWorker.java:128)
at java.base/java.util.ArrayList.forEach(ArrayList.java:1511)
at org.testng.TestRunner.privateRun(TestRunner.java:794)
at org.testng.TestRunner.run(TestRunner.java:596)
at org.testng.SuiteRunner.runTest(SuiteRunner.java:377)
at org.testng.SuiteRunner.runSequentially(SuiteRunner.java:371)
at org.testng.SuiteRunner.privateRun(SuiteRunner.java:332)
at org.testng.SuiteRunner.run(SuiteRunner.java:276)
at org.testng.SuiteRunnerWorker.runSuite(SuiteRunnerWorker.java:53)
at org.testng.SuiteRunnerWorker.run(SuiteRunnerWorker.java:96)
at org.testng.TestNG.runSuitesSequentially(TestNG.java:1212)
at org.testng.TestNG.runSuitesLocally(TestNG.java:1134)
at org.testng.TestNG.runSuites(TestNG.java:1063)
at org.testng.TestNG.run(TestNG.java:1031)
at org.testng.remote.AbstractRemoteTestNG.run(AbstractRemoteTestNG.java:115)
at org.testng.remote.RemoteTestNG.initAndRun(RemoteTestNG.java:251)
at org.testng.remote.RemoteTestNG.main(RemoteTestNG.java:77)
]]>
            </full-stacktrace>
          </exception> <!-- com.fasterxml.jackson.core.JsonParseException -->
          <reporter-output>
          </reporter-output>
        </test-method> <!-- f -->
      </class> <!-- daar.testcases.com.Daar_TC_05_API_UnitSelection -->
    </test> <!-- Default test -->
  </suite> <!-- Default suite -->
</testng-results>
