<?xml version="1.0" encoding="UTF-8"?>
<testsuite name="TS01:- Search and Create Enquiry from Customer"
           tests="3"
           failures="1"
           errors="0"
           skipped="2"
           time="0.000">
  <properties />
            <testcase name="launchBrowser" time="0.000" classname="jana.testcases.com.Jana_TC03_Enquiry">
                <failure type="java.lang.IllegalStateException"
                  message="The driver executable must exist: D:\Workspace\JANA\chromedriver.exe"
              >
<![CDATA[java.lang.IllegalStateException: The driver executable must exist: D:\Workspace\JANA\chromedriver.exe
  org.openqa.selenium.internal.Require$FileStateChecker.isFile(Require.java:315)
  org.openqa.selenium.remote.service.DriverService.checkExecutable(DriverService.java:147)
  org.openqa.selenium.remote.service.DriverService.findExecutable(DriverService.java:142)
  org.openqa.selenium.chrome.ChromeDriverService.access$000(ChromeDriverService.java:38)
  org.openqa.selenium.chrome.ChromeDriverService$Builder.findDefaultExecutable(ChromeDriverService.java:231)
  org.openqa.selenium.remote.service.DriverService$Builder.build(DriverService.java:437)
  org.openqa.selenium.chrome.ChromeDriverService.createDefaultService(ChromeDriverService.java:127)
  org.openqa.selenium.chrome.ChromeDriver.<init>(ChromeDriver.java:46)
  jana.connection.com.Connection.launchBrowser(Connection.java:21)
  java.base/jdk.internal.reflect.NativeMethodAccessorImpl.invoke0(Native Method)
  java.base/jdk.internal.reflect.NativeMethodAccessorImpl.invoke(NativeMethodAccessorImpl.java:77)
  java.base/jdk.internal.reflect.DelegatingMethodAccessorImpl.invoke(DelegatingMethodAccessorImpl.java:43)
  java.base/java.lang.reflect.Method.invoke(Method.java:568)
  org.testng.internal.MethodInvocationHelper.invokeMethod(MethodInvocationHelper.java:84)
  org.testng.internal.Invoker.invokeConfigurationMethod(Invoker.java:564)
  org.testng.internal.Invoker.invokeConfigurations(Invoker.java:213)
  org.testng.internal.Invoker.invokeConfigurations(Invoker.java:138)
  org.testng.SuiteRunner.privateRun(SuiteRunner.java:277)
  org.testng.SuiteRunner.run(SuiteRunner.java:240)
  org.testng.SuiteRunnerWorker.runSuite(SuiteRunnerWorker.java:52)
  org.testng.SuiteRunnerWorker.run(SuiteRunnerWorker.java:86)
  org.testng.TestNG.runSuitesSequentially(TestNG.java:1224)
  org.testng.TestNG.runSuitesLocally(TestNG.java:1149)
  org.testng.TestNG.run(TestNG.java:1057)
  org.testng.remote.AbstractRemoteTestNG.run(AbstractRemoteTestNG.java:115)
  org.testng.remote.RemoteTestNG.initAndRun(RemoteTestNG.java:251)
  org.testng.remote.RemoteTestNG.main(RemoteTestNG.java:77)
]]>
      </failure>

          </testcase>
  
            <testcase name="createEnquiryFromCustomer360" time="0.0" classname="jana.testcases.com.Jana_TC03_Enquiry">
          <skipped />
    </testcase>
            <testcase name="closeEnquirybydetails" time="0.0" classname="jana.testcases.com.Jana_TC03_Enquiry">
          <skipped />
    </testcase>
  
  
</testsuite>
