<?xml version="1.0" encoding="UTF-8"?>
<testng-results total="10" passed="0" failed="0" skipped="10">
  <reporter-output>
  </reporter-output>
  <suite started-at="2022-12-14T08:55:32Z" name="Jana Automation Process" finished-at="2022-12-14T08:55:32Z" duration-ms="51">
    <groups>
    </groups>
    <test started-at="2022-12-14T08:55:32Z" name="TS01:- Search and Create Enquiry from  Accounts" finished-at="2022-12-14T08:55:32Z" duration-ms="14">
      <class name="jana.testcases.com.Logout">
        <test-method signature="bd_logout()[pri:0, instance:jana.testcases.com.Logout@36804139]" started-at="2022-12-14T14:25:32Z" name="bd_logout" finished-at="2022-12-14T14:25:32Z" duration-ms="0" status="SKIP">
          <reporter-output>
          </reporter-output>
        </test-method> <!-- bd_logout -->
      </class> <!-- jana.testcases.com.Logout -->
      <class name="jana.testcases.com.Jana_TC03_Enquiry">
        <test-method signature="createEnquiryFromHolding()[pri:0, instance:jana.testcases.com.Jana_TC03_Enquiry@2f67a4d3]" started-at="2022-12-14T14:25:32Z" name="createEnquiryFromHolding" finished-at="2022-12-14T14:25:32Z" duration-ms="0" status="SKIP">
          <reporter-output>
          </reporter-output>
        </test-method> <!-- createEnquiryFromHolding -->
        <test-method signature="closeEnquirybydetails()[pri:0, instance:jana.testcases.com.Jana_TC03_Enquiry@2f67a4d3]" started-at="2022-12-14T14:25:32Z" name="closeEnquirybydetails" finished-at="2022-12-14T14:25:32Z" duration-ms="1" status="SKIP">
          <reporter-output>
          </reporter-output>
        </test-method> <!-- closeEnquirybydetails -->
      </class> <!-- jana.testcases.com.Jana_TC03_Enquiry -->
      <class name="jana.testcases.com.Jana_TC01_Login">
        <test-method signature="LoginPageintosystem()[pri:0, instance:jana.testcases.com.Jana_TC01_Login@24959ca4]" started-at="2022-12-14T14:25:32Z" name="LoginPageintosystem" finished-at="2022-12-14T14:25:32Z" duration-ms="1" status="SKIP">
          <reporter-output>
          </reporter-output>
        </test-method> <!-- LoginPageintosystem -->
      </class> <!-- jana.testcases.com.Jana_TC01_Login -->
      <class name="jana.testcases.com.Jana_TC04_Account">
        <test-method signature="SearchAccountByNumber()[pri:0, instance:jana.testcases.com.Jana_TC04_Account@3b6d844d]" started-at="2022-12-14T14:25:32Z" name="SearchAccountByNumber" finished-at="2022-12-14T14:25:32Z" duration-ms="1" status="SKIP">
          <reporter-output>
          </reporter-output>
        </test-method> <!-- SearchAccountByNumber -->
      </class> <!-- jana.testcases.com.Jana_TC04_Account -->
    </test> <!-- TS01:- Search and Create Enquiry from  Accounts -->
    <test started-at="2022-12-14T08:55:32Z" name="TS01:- Search and Create Enquiry from Customer" finished-at="2022-12-14T08:55:32Z" duration-ms="7">
      <class name="jana.testcases.com.Jana_TC02_Customer">
        <test-method signature="SearchCustomer()[pri:0, instance:jana.testcases.com.Jana_TC02_Customer@4b86805d]" started-at="2022-12-14T14:25:32Z" name="SearchCustomer" finished-at="2022-12-14T14:25:32Z" duration-ms="1" status="SKIP">
          <reporter-output>
          </reporter-output>
        </test-method> <!-- SearchCustomer -->
      </class> <!-- jana.testcases.com.Jana_TC02_Customer -->
      <class name="jana.testcases.com.Logout">
        <test-method signature="bd_logout()[pri:0, instance:jana.testcases.com.Logout@5852c06f]" started-at="2022-12-14T14:25:32Z" name="bd_logout" finished-at="2022-12-14T14:25:32Z" duration-ms="2" status="SKIP">
          <reporter-output>
          </reporter-output>
        </test-method> <!-- bd_logout -->
      </class> <!-- jana.testcases.com.Logout -->
      <class name="jana.testcases.com.Jana_TC03_Enquiry">
        <test-method is-config="true" signature="launchBrowser()[pri:0, instance:jana.testcases.com.Jana_TC03_Enquiry@238d68ff]" started-at="2022-12-14T14:25:32Z" name="launchBrowser" finished-at="2022-12-14T14:25:32Z" duration-ms="0" status="FAIL">
          <exception class="java.lang.IllegalStateException">
            <message>
              <![CDATA[The driver executable must exist: D:\Workspace\JANA\chromedriver.exe]]>
            </message>
            <full-stacktrace>
              <![CDATA[java.lang.IllegalStateException: The driver executable must exist: D:\Workspace\JANA\chromedriver.exe
	at org.openqa.selenium.internal.Require$FileStateChecker.isFile(Require.java:315)
	at org.openqa.selenium.remote.service.DriverService.checkExecutable(DriverService.java:147)
	at org.openqa.selenium.remote.service.DriverService.findExecutable(DriverService.java:142)
	at org.openqa.selenium.chrome.ChromeDriverService.access$000(ChromeDriverService.java:38)
	at org.openqa.selenium.chrome.ChromeDriverService$Builder.findDefaultExecutable(ChromeDriverService.java:231)
	at org.openqa.selenium.remote.service.DriverService$Builder.build(DriverService.java:437)
	at org.openqa.selenium.chrome.ChromeDriverService.createDefaultService(ChromeDriverService.java:127)
	at org.openqa.selenium.chrome.ChromeDriver.<init>(ChromeDriver.java:46)
	at jana.connection.com.Connection.launchBrowser(Connection.java:21)
	at java.base/jdk.internal.reflect.NativeMethodAccessorImpl.invoke0(Native Method)
	at java.base/jdk.internal.reflect.NativeMethodAccessorImpl.invoke(NativeMethodAccessorImpl.java:77)
	at java.base/jdk.internal.reflect.DelegatingMethodAccessorImpl.invoke(DelegatingMethodAccessorImpl.java:43)
	at java.base/java.lang.reflect.Method.invoke(Method.java:568)
	at org.testng.internal.MethodInvocationHelper.invokeMethod(MethodInvocationHelper.java:84)
	at org.testng.internal.Invoker.invokeConfigurationMethod(Invoker.java:564)
	at org.testng.internal.Invoker.invokeConfigurations(Invoker.java:213)
	at org.testng.internal.Invoker.invokeConfigurations(Invoker.java:138)
	at org.testng.SuiteRunner.privateRun(SuiteRunner.java:277)
	at org.testng.SuiteRunner.run(SuiteRunner.java:240)
	at org.testng.SuiteRunnerWorker.runSuite(SuiteRunnerWorker.java:52)
	at org.testng.SuiteRunnerWorker.run(SuiteRunnerWorker.java:86)
	at org.testng.TestNG.runSuitesSequentially(TestNG.java:1224)
	at org.testng.TestNG.runSuitesLocally(TestNG.java:1149)
	at org.testng.TestNG.run(TestNG.java:1057)
	at org.testng.remote.AbstractRemoteTestNG.run(AbstractRemoteTestNG.java:115)
	at org.testng.remote.RemoteTestNG.initAndRun(RemoteTestNG.java:251)
	at org.testng.remote.RemoteTestNG.main(RemoteTestNG.java:77)
]]>
            </full-stacktrace>
          </exception> <!-- java.lang.IllegalStateException -->
          <reporter-output>
          </reporter-output>
        </test-method> <!-- launchBrowser -->
        <test-method signature="createEnquiryFromCustomer360()[pri:0, instance:jana.testcases.com.Jana_TC03_Enquiry@238d68ff]" started-at="2022-12-14T14:25:32Z" name="createEnquiryFromCustomer360" finished-at="2022-12-14T14:25:32Z" duration-ms="0" status="SKIP">
          <reporter-output>
          </reporter-output>
        </test-method> <!-- createEnquiryFromCustomer360 -->
        <test-method signature="closeEnquirybydetails()[pri:0, instance:jana.testcases.com.Jana_TC03_Enquiry@238d68ff]" started-at="2022-12-14T14:25:32Z" name="closeEnquirybydetails" finished-at="2022-12-14T14:25:32Z" duration-ms="0" status="SKIP">
          <reporter-output>
          </reporter-output>
        </test-method> <!-- closeEnquirybydetails -->
      </class> <!-- jana.testcases.com.Jana_TC03_Enquiry -->
      <class name="jana.testcases.com.Jana_TC01_Login">
        <test-method signature="LoginPageintosystem()[pri:0, instance:jana.testcases.com.Jana_TC01_Login@4149c063]" started-at="2022-12-14T14:25:32Z" name="LoginPageintosystem" finished-at="2022-12-14T14:25:32Z" duration-ms="1" status="SKIP">
          <reporter-output>
          </reporter-output>
        </test-method> <!-- LoginPageintosystem -->
      </class> <!-- jana.testcases.com.Jana_TC01_Login -->
    </test> <!-- TS01:- Search and Create Enquiry from Customer -->
  </suite> <!-- Jana Automation Process -->
</testng-results>
