<?xml version="1.0" encoding="UTF-8"?>
<!-- Generated by org.testng.reporters.JUnitXMLReporter -->
<testsuite hostname="IshantK-SAG" failures="0" tests="2" name="TS01 : LogininoSystem an Search customer" time="4.793" errors="0" timestamp="30 Nov 2022 10:17:01 GMT">
  <testcase classname="jana.testcases.com.Jana_TC01_Login" name="LoginPageintosystem" time="3.132"/>
  <testcase classname="jana.testcases.com.Jana_TC04_Account" name="SearchAccountByNumber" time="1.648"/>
</testsuite> <!-- TS01 : LogininoSystem an Search customer -->
