<?xml version="1.0" encoding="UTF-8"?>
<!-- Generated by org.testng.reporters.JUnitXMLReporter -->
<testsuite hostname="IshantK-SAG" failures="0" tests="5" name="TS01:- Search and Create Enquiry from  Accounts" time="0.014" errors="0" timestamp="14 Dec 2022 08:55:32 GMT">
  <testcase classname="jana.testcases.com.Jana_TC01_Login" name="LoginPageintosystem" time="0.001">
    <skipped/>
  </testcase> <!-- LoginPageintosystem -->
  <testcase classname="jana.testcases.com.Jana_TC04_Account" name="SearchAccountByNumber" time="0.001">
    <skipped/>
  </testcase> <!-- SearchAccountByNumber -->
  <testcase classname="jana.testcases.com.Jana_TC03_Enquiry" name="createEnquiryFromHolding" time="0.0">
    <skipped/>
  </testcase> <!-- createEnquiryFromHolding -->
  <testcase classname="jana.testcases.com.Jana_TC03_Enquiry" name="closeEnquirybydetails" time="0.001">
    <skipped/>
  </testcase> <!-- closeEnquirybydetails -->
  <testcase classname="jana.testcases.com.Logout" name="bd_logout" time="0.0">
    <skipped/>
  </testcase> <!-- bd_logout -->
</testsuite> <!-- TS01:- Search and Create Enquiry from  Accounts -->
