<?xml version="1.0" encoding="UTF-8"?>
<!-- Generated by org.testng.reporters.JUnitXMLReporter -->
<testsuite hostname="IshantK-SAG" failures="0" tests="5" name="TS01:- Search and Create Enquiry from Customer" time="0.007" errors="0" timestamp="14 Dec 2022 08:55:32 GMT">
  <testcase classname="jana.testcases.com.Jana_TC03_Enquiry" name="@BeforeSuite launchBrowser" time="0.0">
    <failure type="java.lang.IllegalStateException" message="The driver executable must exist: D:\Workspace\JANA\chromedriver.exe">
      <![CDATA[java.lang.IllegalStateException: The driver executable must exist: D:\Workspace\JANA\chromedriver.exe
	at org.openqa.selenium.internal.Require$FileStateChecker.isFile(Require.java:315)
	at org.openqa.selenium.remote.service.DriverService.checkExecutable(DriverService.java:147)
	at org.openqa.selenium.remote.service.DriverService.findExecutable(DriverService.java:142)
	at org.openqa.selenium.chrome.ChromeDriverService.access$000(ChromeDriverService.java:38)
	at org.openqa.selenium.chrome.ChromeDriverService$Builder.findDefaultExecutable(ChromeDriverService.java:231)
	at org.openqa.selenium.remote.service.DriverService$Builder.build(DriverService.java:437)
	at org.openqa.selenium.chrome.ChromeDriverService.createDefaultService(ChromeDriverService.java:127)
	at org.openqa.selenium.chrome.ChromeDriver.<init>(ChromeDriver.java:46)
	at jana.connection.com.Connection.launchBrowser(Connection.java:21)
... Removed 18 stack frames]]>
    </failure>
  </testcase> <!-- @BeforeSuite launchBrowser -->
  <testcase classname="jana.testcases.com.Jana_TC01_Login" name="LoginPageintosystem" time="0.001">
    <skipped/>
  </testcase> <!-- LoginPageintosystem -->
  <testcase classname="jana.testcases.com.Jana_TC02_Customer" name="SearchCustomer" time="0.001">
    <skipped/>
  </testcase> <!-- SearchCustomer -->
  <testcase classname="jana.testcases.com.Jana_TC03_Enquiry" name="createEnquiryFromCustomer360" time="0.0">
    <skipped/>
  </testcase> <!-- createEnquiryFromCustomer360 -->
  <testcase classname="jana.testcases.com.Jana_TC03_Enquiry" name="closeEnquirybydetails" time="0.0">
    <skipped/>
  </testcase> <!-- closeEnquirybydetails -->
  <testcase classname="jana.testcases.com.Logout" name="bd_logout" time="0.002">
    <skipped/>
  </testcase> <!-- bd_logout -->
</testsuite> <!-- TS01:- Search and Create Enquiry from Customer -->
